     6.000   1426.681 # matmult_blk 32
    24.000   1982.215 # matmult_blk 32
    96.000   2045.411 # matmult_blk 32
   384.000   2269.164 # matmult_blk 32
  1536.000   2162.570 # matmult_blk 32
  6144.000   2188.880 # matmult_blk 32
 24576.000   2076.446 # matmult_blk 32
 98304.000   1530.771 # matmult_blk 32

------------------------------------------------------------
Sender: LSF System <lsfadmin@n-62-21-41>
Subject: Job 5037646: <make_blk_plots> in cluster <dcc> Done

Job <make_blk_plots> was submitted from host <n-62-30-5> by user <s153287> in cluster <dcc> at Thu Jan  9 11:06:31 2020
Job was executed on host(s) <n-62-21-41>, in queue <hpcintro>, as user <s153287> in cluster <dcc> at Thu Jan  9 11:06:33 2020
</zhome/5b/d/108381> was used as the home directory.
</zhome/5b/d/108381/Documents/HPC_project_and_code/combined> was used as the working directory.
Started at Thu Jan  9 11:06:33 2020
Terminated at Thu Jan  9 11:06:47 2020
Results reported at Thu Jan  9 11:06:47 2020

Your job looked like:

------------------------------------------------------------
# LSBATCH: User input
#!/bin/bash
#BSUB -J make_blk_plots
#BSUB -o make_blk_plots%J.out
#BSUB -q hpcintro
#BSUB -n 1
#BSUB -R "rusage[mem=2048]"
#BSUB -W 15

PERM="blk"
SMALLSIZES="16 32 64 128"
BIGSIZES="256 512 1024 2048"

EXECUTABLE=matmult_c.gcc
BLKSIZE=32
HWCOUNT="-h dch,on,dcm,on,l2h,on,l2m,on"


export MATMULT_COMPARE=0


export MFLOPS_MAX_IT=500
for size in $SMALLSIZES
do
    ./$EXECUTABLE $PERM $size $size $size $BLKSIZE
done

export MFLOPS_MAX_IT=1
for size in $BIGSIZES
do
    ./$EXECUTABLE $PERM $size $size $size $BLKSIZE
done
exit 0
------------------------------------------------------------

Successfully completed.

Resource usage summary:

    CPU time :                                   13.78 sec.
    Max Memory :                                 100 MB
    Average Memory :                             100.00 MB
    Total Requested Memory :                     2048.00 MB
    Delta Memory :                               1948.00 MB
    Max Swap :                                   -
    Max Processes :                              4
    Max Threads :                                5
    Run time :                                   14 sec.
    Turnaround time :                            16 sec.

The output (if any) is above this job summary.

