     6.000    295.548 # matmult_mkn
    24.000    309.968 # matmult_mkn
    96.000    348.879 # matmult_mkn
   384.000    361.107 # matmult_mkn
  1536.000    361.162 # matmult_mkn
  6144.000    364.844 # matmult_mkn
 24576.000    366.595 # matmult_mkn
 98304.000    364.490 # matmult_mkn

------------------------------------------------------------
Sender: LSF System <lsfadmin@n-62-21-46>
Subject: Job 5041350: <unoptimized_plot> in cluster <dcc> Done

Job <unoptimized_plot> was submitted from host <n-62-27-18> by user <s153287> in cluster <dcc> at Thu Jan  9 16:58:47 2020
Job was executed on host(s) <n-62-21-46>, in queue <hpcintro>, as user <s153287> in cluster <dcc> at Thu Jan  9 16:58:49 2020
</zhome/5b/d/108381> was used as the home directory.
</zhome/5b/d/108381/Documents/HPC_project_and_code/combined> was used as the working directory.
Started at Thu Jan  9 16:58:49 2020
Terminated at Thu Jan  9 16:59:53 2020
Results reported at Thu Jan  9 16:59:53 2020

Your job looked like:

------------------------------------------------------------
# LSBATCH: User input
#!/bin/bash
#BSUB -J unoptimized_plot
#BSUB -o unopti_%J.out
#BSUB -q hpcintro
#BSUB -n 1
#BSUB -R "rusage[mem=2048]"
#BSUB -W 30

PERM="mkn"
SMALLSIZES="16 32 64 128"
BIGSIZES="256 512 1024 2048"

EXECUTABLE=matmult_c.gcc
BLKSIZE=128
HWCOUNT="-h dch,on,dcm,on,l2h,on,l2m,on"


export MATMULT_COMPARE=0


export MFLOPS_MAX_IT=500
for size in $SMALLSIZES
do
    ./$EXECUTABLE $PERM $size $size $size $BLKSIZE
done

export MFLOPS_MAX_IT=1
for size in $BIGSIZES
do
    ./$EXECUTABLE $PERM $size $size $size $BLKSIZE
done
exit 0

------------------------------------------------------------

Successfully completed.

Resource usage summary:

    CPU time :                                   60.85 sec.
    Max Memory :                                 100 MB
    Average Memory :                             76.00 MB
    Total Requested Memory :                     2048.00 MB
    Delta Memory :                               1948.00 MB
    Max Swap :                                   -
    Max Processes :                              4
    Max Threads :                                5
    Run time :                                   81 sec.
    Turnaround time :                            66 sec.

The output (if any) is above this job summary.

